<?xml version="1.0" encoding="UTF-8"?>
<testng-results total="1" passed="1" failed="0" skipped="0">
  <reporter-output>
  </reporter-output>
  <suite started-at="2023-02-26T03:42:04Z" name="Default suite" finished-at="2023-02-26T03:43:31Z" duration-ms="86923">
    <groups>
    </groups>
    <test started-at="2023-02-26T03:42:04Z" name="Default test" finished-at="2023-02-26T03:43:31Z" duration-ms="86923">
      <class name="HomeTour3D.HomePage.TC_01_WelcomePage">
        <test-method is-config="true" signature="testSetUp()[pri:0, instance:HomeTour3D.HomePage.TC_01_WelcomePage@7ef27d7f]" started-at="2023-02-26T16:42:04Z" name="testSetUp" finished-at="2023-02-26T16:42:15Z" duration-ms="10751" status="PASS">
          <reporter-output>
          </reporter-output>
        </test-method> <!-- testSetUp -->
        <test-method signature="HomeTore3D()[pri:0, instance:HomeTour3D.HomePage.TC_01_WelcomePage@7ef27d7f]" started-at="2023-02-26T16:42:15Z" name="HomeTore3D" finished-at="2023-02-26T16:43:30Z" duration-ms="75373" status="PASS">
          <reporter-output>
          </reporter-output>
        </test-method> <!-- HomeTore3D -->
        <test-method is-config="true" signature="quitDriver()[pri:0, instance:HomeTour3D.HomePage.TC_01_WelcomePage@7ef27d7f]" started-at="2023-02-26T16:43:30Z" name="quitDriver" finished-at="2023-02-26T16:43:31Z" duration-ms="778" status="PASS">
          <reporter-output>
          </reporter-output>
        </test-method> <!-- quitDriver -->
      </class> <!-- HomeTour3D.HomePage.TC_01_WelcomePage -->
    </test> <!-- Default test -->
  </suite> <!-- Default suite -->
</testng-results>
